{"/Users/colivares/Desktop/Web Projects/escala-digital-ventures-ui/components/claims-marquee.tsx": {"path":"/Users/colivares/Desktop/Web Projects/escala-digital-ventures-ui/components/claims-marquee.tsx","statementMap":{"0":{"start":{"line":5,"column":16},"end":{"line":5,"column":null}},"1":{"start":{"line":7,"column":2},"end":{"line":23,"column":null}},"2":{"start":{"line":14,"column":10},"end":{"line":20,"column":null}}},"fnMap":{"0":{"name":"ClaimsMarquee","decl":{"start":{"line":3,"column":16},"end":{"line":3,"column":30}},"loc":{"start":{"line":3,"column":73},"end":{"line":25,"column":null}},"line":3},"1":{"name":"(anonymous_1)","decl":{"start":{"line":13,"column":15},"end":{"line":13,"column":20}},"loc":{"start":{"line":14,"column":10},"end":{"line":20,"column":null}},"line":14}},"branchMap":{},"s":{"0":9,"1":9,"2":64},"f":{"0":9,"1":64},"b":{},"meta":{"lastBranch":0,"lastFunction":2,"lastStatement":3,"seen":{"f:3:16:3:30":0,"s:5:16:5:Infinity":0,"s:7:2:23:Infinity":1,"f:13:15:13:20":1,"s:14:10:20:Infinity":2},"fnNames":{}}}
,"/Users/colivares/Desktop/Web Projects/escala-digital-ventures-ui/components/client-chip.tsx": {"path":"/Users/colivares/Desktop/Web Projects/escala-digital-ventures-ui/components/client-chip.tsx","statementMap":{"0":{"start":{"line":11,"column":2},"end":{"line":20,"column":null}}},"fnMap":{"0":{"name":"ClientChip","decl":{"start":{"line":4,"column":16},"end":{"line":4,"column":27}},"loc":{"start":{"line":10,"column":3},"end":{"line":22,"column":null}},"line":10}},"branchMap":{"0":{"loc":{"start":{"line":6,"column":2},"end":{"line":6,"column":null}},"type":"default-arg","locations":[{"start":{"line":6,"column":12},"end":{"line":6,"column":null}}],"line":6},"1":{"loc":{"start":{"line":12,"column":37},"end":{"line":12,"column":null}},"type":"cond-expr","locations":[{"start":{"line":12,"column":47},"end":{"line":12,"column":73}},{"start":{"line":12,"column":73},"end":{"line":12,"column":null}}],"line":12}},"s":{"0":14},"f":{"0":14},"b":{"0":[14],"1":[5,9]},"meta":{"lastBranch":2,"lastFunction":1,"lastStatement":1,"seen":{"f:4:16:4:27":0,"b:6:12:6:Infinity":0,"s:11:2:20:Infinity":0,"b:12:47:12:73:12:73:12:Infinity":1},"fnNames":{}}}
,"/Users/colivares/Desktop/Web Projects/escala-digital-ventures-ui/components/contact-form.tsx": {"path":"/Users/colivares/Desktop/Web Projects/escala-digital-ventures-ui/components/contact-form.tsx","statementMap":{"0":{"start":{"line":1,"column":0},"end":{"line":1,"column":null}},"1":{"start":{"line":21,"column":15},"end":{"line":21,"column":null}},"2":{"start":{"line":24,"column":4},"end":{"line":32,"column":null}},"3":{"start":{"line":34,"column":30},"end":{"line":34,"column":null}},"4":{"start":{"line":35,"column":36},"end":{"line":35,"column":null}},"5":{"start":{"line":38,"column":4},"end":{"line":38,"column":null}},"6":{"start":{"line":39,"column":17},"end":{"line":39,"column":null}},"7":{"start":{"line":40,"column":31},"end":{"line":40,"column":null}},"8":{"start":{"line":41,"column":23},"end":{"line":41,"column":null}},"9":{"start":{"line":43,"column":4},"end":{"line":45,"column":null}},"10":{"start":{"line":44,"column":6},"end":{"line":44,"column":null}},"11":{"start":{"line":46,"column":4},"end":{"line":48,"column":null}},"12":{"start":{"line":47,"column":6},"end":{"line":47,"column":null}},"13":{"start":{"line":49,"column":4},"end":{"line":53,"column":null}},"14":{"start":{"line":50,"column":6},"end":{"line":50,"column":null}},"15":{"start":{"line":51,"column":11},"end":{"line":53,"column":null}},"16":{"start":{"line":52,"column":6},"end":{"line":52,"column":null}},"17":{"start":{"line":54,"column":4},"end":{"line":56,"column":null}},"18":{"start":{"line":55,"column":6},"end":{"line":55,"column":null}},"19":{"start":{"line":57,"column":4},"end":{"line":59,"column":null}},"20":{"start":{"line":58,"column":6},"end":{"line":58,"column":null}},"21":{"start":{"line":61,"column":4},"end":{"line":61,"column":null}},"22":{"start":{"line":62,"column":4},"end":{"line":62,"column":null}},"23":{"start":{"line":62,"column":41},"end":{"line":62,"column":null}},"24":{"start":{"line":65,"column":2},"end":{"line":72,"column":null}},"25":{"start":{"line":66,"column":4},"end":{"line":70,"column":null}},"26":{"start":{"line":74,"column":2},"end":{"line":141,"column":null}},"27":{"start":{"line":158,"column":18},"end":{"line":158,"column":null}},"28":{"start":{"line":159,"column":2},"end":{"line":174,"column":null}}},"fnMap":{"0":{"name":"ContactForm","decl":{"start":{"line":16,"column":16},"end":{"line":16,"column":28}},"loc":{"start":{"line":20,"column":21},"end":{"line":143,"column":null}},"line":20},"1":{"name":"handleSubmit","decl":{"start":{"line":37,"column":11},"end":{"line":37,"column":24}},"loc":{"start":{"line":37,"column":59},"end":{"line":63,"column":null}},"line":37},"2":{"name":"ContactInput","decl":{"start":{"line":145,"column":9},"end":{"line":145,"column":22}},"loc":{"start":{"line":157,"column":3},"end":{"line":176,"column":null}},"line":157}},"branchMap":{"0":{"loc":{"start":{"line":19,"column":2},"end":{"line":19,"column":null}},"type":"default-arg","locations":[{"start":{"line":19,"column":17},"end":{"line":19,"column":null}}],"line":19},"1":{"loc":{"start":{"line":24,"column":4},"end":{"line":32,"column":null}},"type":"cond-expr","locations":[{"start":{"line":25,"column":8},"end":{"line":31,"column":null}},{"start":{"line":32,"column":8},"end":{"line":32,"column":null}}],"line":24},"2":{"loc":{"start":{"line":41,"column":30},"end":{"line":41,"column":53}},"type":"binary-expr","locations":[{"start":{"line":41,"column":30},"end":{"line":41,"column":51}},{"start":{"line":41,"column":51},"end":{"line":41,"column":53}}],"line":41},"3":{"loc":{"start":{"line":43,"column":4},"end":{"line":45,"column":null}},"type":"if","locations":[{"start":{"line":43,"column":4},"end":{"line":45,"column":null}},{"start":{},"end":{}}],"line":43},"4":{"loc":{"start":{"line":43,"column":16},"end":{"line":43,"column":38}},"type":"binary-expr","locations":[{"start":{"line":43,"column":16},"end":{"line":43,"column":36}},{"start":{"line":43,"column":36},"end":{"line":43,"column":38}}],"line":43},"5":{"loc":{"start":{"line":46,"column":4},"end":{"line":48,"column":null}},"type":"if","locations":[{"start":{"line":46,"column":4},"end":{"line":48,"column":null}},{"start":{},"end":{}}],"line":46},"6":{"loc":{"start":{"line":46,"column":16},"end":{"line":46,"column":41}},"type":"binary-expr","locations":[{"start":{"line":46,"column":16},"end":{"line":46,"column":39}},{"start":{"line":46,"column":39},"end":{"line":46,"column":41}}],"line":46},"7":{"loc":{"start":{"line":49,"column":4},"end":{"line":53,"column":null}},"type":"if","locations":[{"start":{"line":49,"column":4},"end":{"line":53,"column":null}},{"start":{"line":51,"column":11},"end":{"line":53,"column":null}}],"line":49},"8":{"loc":{"start":{"line":51,"column":11},"end":{"line":53,"column":null}},"type":"if","locations":[{"start":{"line":51,"column":11},"end":{"line":53,"column":null}},{"start":{},"end":{}}],"line":51},"9":{"loc":{"start":{"line":54,"column":4},"end":{"line":56,"column":null}},"type":"if","locations":[{"start":{"line":54,"column":4},"end":{"line":56,"column":null}},{"start":{},"end":{}}],"line":54},"10":{"loc":{"start":{"line":54,"column":16},"end":{"line":54,"column":41}},"type":"binary-expr","locations":[{"start":{"line":54,"column":16},"end":{"line":54,"column":39}},{"start":{"line":54,"column":39},"end":{"line":54,"column":41}}],"line":54},"11":{"loc":{"start":{"line":57,"column":4},"end":{"line":59,"column":null}},"type":"if","locations":[{"start":{"line":57,"column":4},"end":{"line":59,"column":null}},{"start":{},"end":{}}],"line":57},"12":{"loc":{"start":{"line":62,"column":4},"end":{"line":62,"column":null}},"type":"if","locations":[{"start":{"line":62,"column":4},"end":{"line":62,"column":null}},{"start":{},"end":{}}],"line":62},"13":{"loc":{"start":{"line":65,"column":2},"end":{"line":72,"column":null}},"type":"if","locations":[{"start":{"line":65,"column":2},"end":{"line":72,"column":null}},{"start":{},"end":{}}],"line":65},"14":{"loc":{"start":{"line":103,"column":28},"end":{"line":103,"column":null}},"type":"cond-expr","locations":[{"start":{"line":103,"column":45},"end":{"line":103,"column":71}},{"start":{"line":103,"column":71},"end":{"line":103,"column":null}}],"line":103},"15":{"loc":{"start":{"line":105,"column":9},"end":{"line":108,"column":null}},"type":"binary-expr","locations":[{"start":{"line":105,"column":9},"end":{"line":105,"column":null}},{"start":{"line":106,"column":10},"end":{"line":108,"column":null}}],"line":105},"16":{"loc":{"start":{"line":118,"column":28},"end":{"line":118,"column":null}},"type":"cond-expr","locations":[{"start":{"line":118,"column":45},"end":{"line":118,"column":71}},{"start":{"line":118,"column":71},"end":{"line":118,"column":null}}],"line":118},"17":{"loc":{"start":{"line":124,"column":9},"end":{"line":127,"column":null}},"type":"binary-expr","locations":[{"start":{"line":124,"column":9},"end":{"line":124,"column":null}},{"start":{"line":125,"column":10},"end":{"line":127,"column":null}}],"line":124},"18":{"loc":{"start":{"line":135,"column":7},"end":{"line":139,"column":null}},"type":"binary-expr","locations":[{"start":{"line":135,"column":7},"end":{"line":135,"column":null}},{"start":{"line":136,"column":8},"end":{"line":139,"column":null}}],"line":135},"19":{"loc":{"start":{"line":149,"column":2},"end":{"line":149,"column":null}},"type":"default-arg","locations":[{"start":{"line":149,"column":9},"end":{"line":149,"column":null}}],"line":149},"20":{"loc":{"start":{"line":167,"column":26},"end":{"line":167,"column":null}},"type":"cond-expr","locations":[{"start":{"line":167,"column":34},"end":{"line":167,"column":44}},{"start":{"line":167,"column":44},"end":{"line":167,"column":null}}],"line":167},"21":{"loc":{"start":{"line":169,"column":7},"end":{"line":172,"column":null}},"type":"binary-expr","locations":[{"start":{"line":169,"column":7},"end":{"line":169,"column":null}},{"start":{"line":170,"column":8},"end":{"line":172,"column":null}}],"line":169}},"s":{"0":3,"1":22,"2":22,"3":22,"4":22,"5":6,"6":6,"7":6,"8":6,"9":6,"10":4,"11":6,"12":4,"13":6,"14":4,"15":2,"16":1,"17":6,"18":4,"19":6,"20":5,"21":6,"22":6,"23":1,"24":22,"25":2,"26":20,"27":60,"28":60},"f":{"0":22,"1":6,"2":60},"b":{"0":[22],"1":[1,21],"2":[6,0],"3":[4,2],"4":[6,0],"5":[4,2],"6":[6,0],"7":[4,2],"8":[1,1],"9":[4,2],"10":[6,0],"11":[5,1],"12":[1,5],"13":[2,20],"14":[5,15],"15":[22,5],"16":[6,14],"17":[22,6],"18":[22,6],"19":[60],"20":[16,44],"21":[60,16]},"meta":{"lastBranch":22,"lastFunction":3,"lastStatement":29,"seen":{"s:1:0:1:Infinity":0,"f:16:16:16:28":0,"b:19:17:19:Infinity":0,"s:21:15:21:Infinity":1,"s:24:4:32:Infinity":2,"b:25:8:31:Infinity:32:8:32:Infinity":1,"s:34:30:34:Infinity":3,"s:35:36:35:Infinity":4,"f:37:11:37:24":1,"s:38:4:38:Infinity":5,"s:39:17:39:Infinity":6,"s:40:31:40:Infinity":7,"s:41:23:41:Infinity":8,"b:41:30:41:51:41:51:41:53":2,"b:43:4:45:Infinity:undefined:undefined:undefined:undefined":3,"s:43:4:45:Infinity":9,"b:43:16:43:36:43:36:43:38":4,"s:44:6:44:Infinity":10,"b:46:4:48:Infinity:undefined:undefined:undefined:undefined":5,"s:46:4:48:Infinity":11,"b:46:16:46:39:46:39:46:41":6,"s:47:6:47:Infinity":12,"b:49:4:53:Infinity:51:11:53:Infinity":7,"s:49:4:53:Infinity":13,"s:50:6:50:Infinity":14,"b:51:11:53:Infinity:undefined:undefined:undefined:undefined":8,"s:51:11:53:Infinity":15,"s:52:6:52:Infinity":16,"b:54:4:56:Infinity:undefined:undefined:undefined:undefined":9,"s:54:4:56:Infinity":17,"b:54:16:54:39:54:39:54:41":10,"s:55:6:55:Infinity":18,"b:57:4:59:Infinity:undefined:undefined:undefined:undefined":11,"s:57:4:59:Infinity":19,"s:58:6:58:Infinity":20,"s:61:4:61:Infinity":21,"b:62:4:62:Infinity:undefined:undefined:undefined:undefined":12,"s:62:4:62:Infinity":22,"s:62:41:62:Infinity":23,"b:65:2:72:Infinity:undefined:undefined:undefined:undefined":13,"s:65:2:72:Infinity":24,"s:66:4:70:Infinity":25,"s:74:2:141:Infinity":26,"b:103:45:103:71:103:71:103:Infinity":14,"b:105:9:105:Infinity:106:10:108:Infinity":15,"b:118:45:118:71:118:71:118:Infinity":16,"b:124:9:124:Infinity:125:10:127:Infinity":17,"b:135:7:135:Infinity:136:8:139:Infinity":18,"f:145:9:145:22":2,"b:149:9:149:Infinity":19,"s:158:18:158:Infinity":27,"s:159:2:174:Infinity":28,"b:167:34:167:44:167:44:167:Infinity":20,"b:169:7:169:Infinity:170:8:172:Infinity":21},"fnNames":{}}}
,"/Users/colivares/Desktop/Web Projects/escala-digital-ventures-ui/components/final-cta.tsx": {"path":"/Users/colivares/Desktop/Web Projects/escala-digital-ventures-ui/components/final-cta.tsx","statementMap":{"0":{"start":{"line":12,"column":2},"end":{"line":41,"column":null}}},"fnMap":{"0":{"name":"FinalCTA","decl":{"start":{"line":7,"column":16},"end":{"line":7,"column":25}},"loc":{"start":{"line":11,"column":3},"end":{"line":43,"column":null}},"line":11}},"branchMap":{},"s":{"0":7},"f":{"0":7},"b":{},"meta":{"lastBranch":0,"lastFunction":1,"lastStatement":1,"seen":{"f:7:16:7:25":0,"s:12:2:41:Infinity":0},"fnNames":{}}}
,"/Users/colivares/Desktop/Web Projects/escala-digital-ventures-ui/components/home-sections.tsx": {"path":"/Users/colivares/Desktop/Web Projects/escala-digital-ventures-ui/components/home-sections.tsx","statementMap":{"0":{"start":{"line":19,"column":31},"end":{"line":19,"column":null}},"1":{"start":{"line":21,"column":2},"end":{"line":50,"column":null}},"2":{"start":{"line":59,"column":31},"end":{"line":59,"column":null}},"3":{"start":{"line":61,"column":2},"end":{"line":95,"column":null}},"4":{"start":{"line":74,"column":16},"end":{"line":82,"column":null}},"5":{"start":{"line":104,"column":21},"end":{"line":104,"column":null}},"6":{"start":{"line":106,"column":2},"end":{"line":130,"column":null}},"7":{"start":{"line":121,"column":12},"end":{"line":126,"column":null}},"8":{"start":{"line":139,"column":21},"end":{"line":139,"column":null}},"9":{"start":{"line":141,"column":2},"end":{"line":155,"column":null}},"10":{"start":{"line":164,"column":31},"end":{"line":164,"column":null}},"11":{"start":{"line":166,"column":2},"end":{"line":199,"column":null}},"12":{"start":{"line":177,"column":16},"end":{"line":181,"column":null}},"13":{"start":{"line":190,"column":12},"end":{"line":195,"column":null}},"14":{"start":{"line":208,"column":31},"end":{"line":208,"column":null}},"15":{"start":{"line":210,"column":2},"end":{"line":234,"column":null}}},"fnMap":{"0":{"name":"Hero","decl":{"start":{"line":12,"column":16},"end":{"line":12,"column":21}},"loc":{"start":{"line":18,"column":3},"end":{"line":52,"column":null}},"line":18},"1":{"name":"ProblemSection","decl":{"start":{"line":54,"column":16},"end":{"line":54,"column":31}},"loc":{"start":{"line":58,"column":3},"end":{"line":97,"column":null}},"line":58},"2":{"name":"(anonymous_2)","decl":{"start":{"line":73,"column":32},"end":{"line":73,"column":37}},"loc":{"start":{"line":74,"column":16},"end":{"line":82,"column":null}},"line":74},"3":{"name":"ServicesPreview","decl":{"start":{"line":99,"column":16},"end":{"line":99,"column":32}},"loc":{"start":{"line":103,"column":3},"end":{"line":132,"column":null}},"line":103},"4":{"name":"(anonymous_4)","decl":{"start":{"line":120,"column":25},"end":{"line":120,"column":30}},"loc":{"start":{"line":121,"column":12},"end":{"line":126,"column":null}},"line":121},"5":{"name":"FrameworkSection","decl":{"start":{"line":134,"column":16},"end":{"line":134,"column":33}},"loc":{"start":{"line":138,"column":3},"end":{"line":157,"column":null}},"line":138},"6":{"name":"ProofSection","decl":{"start":{"line":159,"column":16},"end":{"line":159,"column":29}},"loc":{"start":{"line":163,"column":3},"end":{"line":201,"column":null}},"line":163},"7":{"name":"(anonymous_7)","decl":{"start":{"line":176,"column":29},"end":{"line":176,"column":34}},"loc":{"start":{"line":177,"column":16},"end":{"line":181,"column":null}},"line":177},"8":{"name":"(anonymous_8)","decl":{"start":{"line":189,"column":27},"end":{"line":189,"column":32}},"loc":{"start":{"line":190,"column":12},"end":{"line":195,"column":null}},"line":190},"9":{"name":"AllianceTeaser","decl":{"start":{"line":203,"column":16},"end":{"line":203,"column":31}},"loc":{"start":{"line":207,"column":3},"end":{"line":236,"column":null}},"line":207}},"branchMap":{},"s":{"0":5,"1":5,"2":4,"3":4,"4":16,"5":5,"6":5,"7":25,"8":3,"9":3,"10":4,"11":4,"12":8,"13":16,"14":4,"15":4},"f":{"0":5,"1":4,"2":16,"3":5,"4":25,"5":3,"6":4,"7":8,"8":16,"9":4},"b":{},"meta":{"lastBranch":0,"lastFunction":10,"lastStatement":16,"seen":{"f:12:16:12:21":0,"s:19:31:19:Infinity":0,"s:21:2:50:Infinity":1,"f:54:16:54:31":1,"s:59:31:59:Infinity":2,"s:61:2:95:Infinity":3,"f:73:32:73:37":2,"s:74:16:82:Infinity":4,"f:99:16:99:32":3,"s:104:21:104:Infinity":5,"s:106:2:130:Infinity":6,"f:120:25:120:30":4,"s:121:12:126:Infinity":7,"f:134:16:134:33":5,"s:139:21:139:Infinity":8,"s:141:2:155:Infinity":9,"f:159:16:159:29":6,"s:164:31:164:Infinity":10,"s:166:2:199:Infinity":11,"f:176:29:176:34":7,"s:177:16:181:Infinity":12,"f:189:27:189:32":8,"s:190:12:195:Infinity":13,"f:203:16:203:31":9,"s:208:31:208:Infinity":14,"s:210:2:234:Infinity":15},"fnNames":{}}}
,"/Users/colivares/Desktop/Web Projects/escala-digital-ventures-ui/components/motion-runtime.tsx": {"path":"/Users/colivares/Desktop/Web Projects/escala-digital-ventures-ui/components/motion-runtime.tsx","statementMap":{"0":{"start":{"line":1,"column":0},"end":{"line":1,"column":null}},"1":{"start":{"line":15,"column":32},"end":{"line":15,"column":null}},"2":{"start":{"line":17,"column":2},"end":{"line":23,"column":null}},"3":{"start":{"line":18,"column":18},"end":{"line":18,"column":null}},"4":{"start":{"line":19,"column":10},"end":{"line":19,"column":null}},"5":{"start":{"line":19,"column":25},"end":{"line":19,"column":null}},"6":{"start":{"line":20,"column":4},"end":{"line":20,"column":null}},"7":{"start":{"line":21,"column":4},"end":{"line":21,"column":null}},"8":{"start":{"line":22,"column":4},"end":{"line":22,"column":null}},"9":{"start":{"line":22,"column":17},"end":{"line":22,"column":null}},"10":{"start":{"line":25,"column":2},"end":{"line":25,"column":null}},"11":{"start":{"line":25,"column":15},"end":{"line":25,"column":null}},"12":{"start":{"line":26,"column":2},"end":{"line":32,"column":null}},"13":{"start":{"line":41,"column":14},"end":{"line":41,"column":null}},"14":{"start":{"line":43,"column":2},"end":{"line":62,"column":null}},"15":{"start":{"line":44,"column":17},"end":{"line":44,"column":null}},"16":{"start":{"line":45,"column":4},"end":{"line":45,"column":null}},"17":{"start":{"line":45,"column":15},"end":{"line":45,"column":null}},"18":{"start":{"line":47,"column":4},"end":{"line":50,"column":null}},"19":{"start":{"line":48,"column":6},"end":{"line":48,"column":null}},"20":{"start":{"line":49,"column":6},"end":{"line":49,"column":null}},"21":{"start":{"line":52,"column":21},"end":{"line":59,"column":null}},"22":{"start":{"line":54,"column":8},"end":{"line":54,"column":null}},"23":{"start":{"line":54,"column":35},"end":{"line":54,"column":null}},"24":{"start":{"line":55,"column":8},"end":{"line":55,"column":null}},"25":{"start":{"line":56,"column":8},"end":{"line":56,"column":null}},"26":{"start":{"line":60,"column":4},"end":{"line":60,"column":null}},"27":{"start":{"line":61,"column":4},"end":{"line":61,"column":null}},"28":{"start":{"line":61,"column":17},"end":{"line":61,"column":null}},"29":{"start":{"line":64,"column":2},"end":{"line":64,"column":null}},"30":{"start":{"line":69,"column":14},"end":{"line":69,"column":null}},"31":{"start":{"line":70,"column":32},"end":{"line":70,"column":null}},"32":{"start":{"line":72,"column":2},"end":{"line":104,"column":null}},"33":{"start":{"line":73,"column":17},"end":{"line":73,"column":null}},"34":{"start":{"line":74,"column":4},"end":{"line":74,"column":null}},"35":{"start":{"line":74,"column":80},"end":{"line":74,"column":null}},"36":{"start":{"line":76,"column":18},"end":{"line":76,"column":null}},"37":{"start":{"line":77,"column":4},"end":{"line":77,"column":null}},"38":{"start":{"line":77,"column":16},"end":{"line":77,"column":null}},"39":{"start":{"line":79,"column":37},"end":{"line":79,"column":null}},"40":{"start":{"line":80,"column":19},"end":{"line":80,"column":null}},"41":{"start":{"line":84,"column":4},"end":{"line":84,"column":null}},"42":{"start":{"line":86,"column":21},"end":{"line":101,"column":null}},"43":{"start":{"line":88,"column":8},"end":{"line":88,"column":null}},"44":{"start":{"line":88,"column":35},"end":{"line":88,"column":null}},"45":{"start":{"line":89,"column":22},"end":{"line":89,"column":null}},"46":{"start":{"line":90,"column":14},"end":{"line":96,"column":null}},"47":{"start":{"line":91,"column":27},"end":{"line":91,"column":null}},"48":{"start":{"line":92,"column":10},"end":{"line":94,"column":null}},"49":{"start":{"line":95,"column":10},"end":{"line":95,"column":null}},"50":{"start":{"line":95,"column":28},"end":{"line":95,"column":null}},"51":{"start":{"line":97,"column":8},"end":{"line":97,"column":null}},"52":{"start":{"line":98,"column":8},"end":{"line":98,"column":null}},"53":{"start":{"line":102,"column":4},"end":{"line":102,"column":null}},"54":{"start":{"line":103,"column":4},"end":{"line":103,"column":null}},"55":{"start":{"line":103,"column":17},"end":{"line":103,"column":null}},"56":{"start":{"line":106,"column":2},"end":{"line":109,"column":null}},"57":{"start":{"line":121,"column":14},"end":{"line":121,"column":null}},"58":{"start":{"line":122,"column":2},"end":{"line":125,"column":null}},"59":{"start":{"line":137,"column":14},"end":{"line":137,"column":null}},"60":{"start":{"line":138,"column":2},"end":{"line":141,"column":null}},"61":{"start":{"line":158,"column":14},"end":{"line":158,"column":null}},"62":{"start":{"line":159,"column":14},"end":{"line":159,"column":null}},"63":{"start":{"line":161,"column":2},"end":{"line":178,"column":null}},"64":{"start":{"line":168,"column":8},"end":{"line":176,"column":null}}},"fnMap":{"0":{"name":"MotionRuntime","decl":{"start":{"line":14,"column":16},"end":{"line":14,"column":30}},"loc":{"start":{"line":14,"column":75},"end":{"line":34,"column":null}},"line":14},"1":{"name":"(anonymous_1)","decl":{"start":{"line":17,"column":2},"end":{"line":17,"column":18}},"loc":{"start":{"line":17,"column":18},"end":{"line":23,"column":5}},"line":17},"2":{"name":"(anonymous_2)","decl":{"start":{"line":19,"column":10},"end":{"line":19,"column":25}},"loc":{"start":{"line":19,"column":25},"end":{"line":19,"column":null}},"line":19},"3":{"name":"(anonymous_3)","decl":{"start":{"line":22,"column":4},"end":{"line":22,"column":17}},"loc":{"start":{"line":22,"column":17},"end":{"line":22,"column":null}},"line":22},"4":{"name":"useVisible","decl":{"start":{"line":40,"column":9},"end":{"line":40,"column":43}},"loc":{"start":{"line":40,"column":62},"end":{"line":65,"column":null}},"line":40},"5":{"name":"(anonymous_5)","decl":{"start":{"line":43,"column":2},"end":{"line":43,"column":18}},"loc":{"start":{"line":43,"column":18},"end":{"line":62,"column":5}},"line":43},"6":{"name":"(anonymous_6)","decl":{"start":{"line":52,"column":25},"end":{"line":52,"column":null}},"loc":{"start":{"line":53,"column":19},"end":{"line":57,"column":null}},"line":53},"7":{"name":"(anonymous_7)","decl":{"start":{"line":61,"column":4},"end":{"line":61,"column":17}},"loc":{"start":{"line":61,"column":17},"end":{"line":61,"column":null}},"line":61},"8":{"name":"CountUp","decl":{"start":{"line":68,"column":16},"end":{"line":68,"column":24}},"loc":{"start":{"line":68,"column":54},"end":{"line":111,"column":null}},"line":68},"9":{"name":"(anonymous_9)","decl":{"start":{"line":72,"column":2},"end":{"line":72,"column":18}},"loc":{"start":{"line":72,"column":18},"end":{"line":104,"column":5}},"line":72},"10":{"name":"(anonymous_10)","decl":{"start":{"line":86,"column":25},"end":{"line":86,"column":null}},"loc":{"start":{"line":87,"column":19},"end":{"line":99,"column":null}},"line":87},"11":{"name":"(anonymous_11)","decl":{"start":{"line":90,"column":14},"end":{"line":90,"column":22}},"loc":{"start":{"line":90,"column":38},"end":{"line":96,"column":null}},"line":90},"12":{"name":"(anonymous_12)","decl":{"start":{"line":103,"column":4},"end":{"line":103,"column":17}},"loc":{"start":{"line":103,"column":17},"end":{"line":103,"column":null}},"line":103},"13":{"name":"Reveal","decl":{"start":{"line":114,"column":16},"end":{"line":114,"column":23}},"loc":{"start":{"line":120,"column":3},"end":{"line":127,"column":null}},"line":120},"14":{"name":"DiagramReveal","decl":{"start":{"line":130,"column":16},"end":{"line":130,"column":30}},"loc":{"start":{"line":136,"column":3},"end":{"line":143,"column":null}},"line":136},"15":{"name":"WordReveal","decl":{"start":{"line":149,"column":16},"end":{"line":149,"column":27}},"loc":{"start":{"line":157,"column":3},"end":{"line":180,"column":null}},"line":157},"16":{"name":"(anonymous_16)","decl":{"start":{"line":167,"column":23},"end":{"line":167,"column":28}},"loc":{"start":{"line":168,"column":8},"end":{"line":176,"column":null}},"line":168}},"branchMap":{"0":{"loc":{"start":{"line":25,"column":2},"end":{"line":25,"column":null}},"type":"if","locations":[{"start":{"line":25,"column":2},"end":{"line":25,"column":null}},{"start":{},"end":{}}],"line":25},"1":{"loc":{"start":{"line":45,"column":4},"end":{"line":45,"column":null}},"type":"if","locations":[{"start":{"line":45,"column":4},"end":{"line":45,"column":null}},{"start":{},"end":{}}],"line":45},"2":{"loc":{"start":{"line":47,"column":4},"end":{"line":50,"column":null}},"type":"if","locations":[{"start":{"line":47,"column":4},"end":{"line":50,"column":null}},{"start":{},"end":{}}],"line":47},"3":{"loc":{"start":{"line":54,"column":8},"end":{"line":54,"column":null}},"type":"if","locations":[{"start":{"line":54,"column":8},"end":{"line":54,"column":null}},{"start":{},"end":{}}],"line":54},"4":{"loc":{"start":{"line":74,"column":4},"end":{"line":74,"column":null}},"type":"if","locations":[{"start":{"line":74,"column":4},"end":{"line":74,"column":null}},{"start":{},"end":{}}],"line":74},"5":{"loc":{"start":{"line":74,"column":8},"end":{"line":74,"column":80}},"type":"binary-expr","locations":[{"start":{"line":74,"column":8},"end":{"line":74,"column":17}},{"start":{"line":74,"column":17},"end":{"line":74,"column":80}}],"line":74},"6":{"loc":{"start":{"line":77,"column":4},"end":{"line":77,"column":null}},"type":"if","locations":[{"start":{"line":77,"column":4},"end":{"line":77,"column":null}},{"start":{},"end":{}}],"line":77},"7":{"loc":{"start":{"line":88,"column":8},"end":{"line":88,"column":null}},"type":"if","locations":[{"start":{"line":88,"column":8},"end":{"line":88,"column":null}},{"start":{},"end":{}}],"line":88},"8":{"loc":{"start":{"line":95,"column":10},"end":{"line":95,"column":null}},"type":"if","locations":[{"start":{"line":95,"column":10},"end":{"line":95,"column":null}},{"start":{},"end":{}}],"line":95},"9":{"loc":{"start":{"line":116,"column":2},"end":{"line":116,"column":null}},"type":"default-arg","locations":[{"start":{"line":116,"column":14},"end":{"line":116,"column":null}}],"line":116},"10":{"loc":{"start":{"line":132,"column":2},"end":{"line":132,"column":null}},"type":"default-arg","locations":[{"start":{"line":132,"column":14},"end":{"line":132,"column":null}}],"line":132},"11":{"loc":{"start":{"line":151,"column":2},"end":{"line":151,"column":null}},"type":"default-arg","locations":[{"start":{"line":151,"column":7},"end":{"line":151,"column":null}}],"line":151},"12":{"loc":{"start":{"line":152,"column":2},"end":{"line":152,"column":null}},"type":"default-arg","locations":[{"start":{"line":152,"column":14},"end":{"line":152,"column":null}}],"line":152}},"s":{"0":6,"1":2,"2":2,"3":1,"4":1,"5":1,"6":1,"7":1,"8":1,"9":1,"10":2,"11":1,"12":1,"13":101,"14":101,"15":101,"16":101,"17":0,"18":101,"19":0,"20":0,"21":101,"22":101,"23":0,"24":101,"25":101,"26":101,"27":101,"28":101,"29":101,"30":30,"31":30,"32":30,"33":15,"34":15,"35":0,"36":15,"37":15,"38":0,"39":15,"40":15,"41":15,"42":15,"43":15,"44":0,"45":15,"46":15,"47":15,"48":15,"49":15,"50":0,"51":15,"52":15,"53":15,"54":15,"55":15,"56":30,"57":37,"58":37,"59":31,"60":31,"61":33,"62":33,"63":33,"64":126},"f":{"0":2,"1":1,"2":1,"3":1,"4":101,"5":101,"6":101,"7":101,"8":30,"9":15,"10":15,"11":15,"12":15,"13":37,"14":31,"15":33,"16":126},"b":{"0":[1,1],"1":[0,101],"2":[0,101],"3":[0,101],"4":[0,15],"5":[15,15],"6":[0,15],"7":[0,15],"8":[0,15],"9":[37],"10":[31],"11":[33],"12":[33]},"meta":{"lastBranch":13,"lastFunction":17,"lastStatement":65,"seen":{"s:1:0:1:Infinity":0,"f:14:16:14:30":0,"s:15:32:15:Infinity":1,"s:17:2:23:Infinity":2,"f:17:2:17:18":1,"s:18:18:18:Infinity":3,"s:19:10:19:Infinity":4,"f:19:10:19:25":2,"s:19:25:19:Infinity":5,"s:20:4:20:Infinity":6,"s:21:4:21:Infinity":7,"s:22:4:22:Infinity":8,"f:22:4:22:17":3,"s:22:17:22:Infinity":9,"b:25:2:25:Infinity:undefined:undefined:undefined:undefined":0,"s:25:2:25:Infinity":10,"s:25:15:25:Infinity":11,"s:26:2:32:Infinity":12,"f:40:9:40:43":4,"s:41:14:41:Infinity":13,"s:43:2:62:Infinity":14,"f:43:2:43:18":5,"s:44:17:44:Infinity":15,"b:45:4:45:Infinity:undefined:undefined:undefined:undefined":1,"s:45:4:45:Infinity":16,"s:45:15:45:Infinity":17,"b:47:4:50:Infinity:undefined:undefined:undefined:undefined":2,"s:47:4:50:Infinity":18,"s:48:6:48:Infinity":19,"s:49:6:49:Infinity":20,"s:52:21:59:Infinity":21,"f:52:25:52:Infinity":6,"b:54:8:54:Infinity:undefined:undefined:undefined:undefined":3,"s:54:8:54:Infinity":22,"s:54:35:54:Infinity":23,"s:55:8:55:Infinity":24,"s:56:8:56:Infinity":25,"s:60:4:60:Infinity":26,"s:61:4:61:Infinity":27,"f:61:4:61:17":7,"s:61:17:61:Infinity":28,"s:64:2:64:Infinity":29,"f:68:16:68:24":8,"s:69:14:69:Infinity":30,"s:70:32:70:Infinity":31,"s:72:2:104:Infinity":32,"f:72:2:72:18":9,"s:73:17:73:Infinity":33,"b:74:4:74:Infinity:undefined:undefined:undefined:undefined":4,"s:74:4:74:Infinity":34,"b:74:8:74:17:74:17:74:80":5,"s:74:80:74:Infinity":35,"s:76:18:76:Infinity":36,"b:77:4:77:Infinity:undefined:undefined:undefined:undefined":6,"s:77:4:77:Infinity":37,"s:77:16:77:Infinity":38,"s:79:37:79:Infinity":39,"s:80:19:80:Infinity":40,"s:84:4:84:Infinity":41,"s:86:21:101:Infinity":42,"f:86:25:86:Infinity":10,"b:88:8:88:Infinity:undefined:undefined:undefined:undefined":7,"s:88:8:88:Infinity":43,"s:88:35:88:Infinity":44,"s:89:22:89:Infinity":45,"s:90:14:96:Infinity":46,"f:90:14:90:22":11,"s:91:27:91:Infinity":47,"s:92:10:94:Infinity":48,"b:95:10:95:Infinity:undefined:undefined:undefined:undefined":8,"s:95:10:95:Infinity":49,"s:95:28:95:Infinity":50,"s:97:8:97:Infinity":51,"s:98:8:98:Infinity":52,"s:102:4:102:Infinity":53,"s:103:4:103:Infinity":54,"f:103:4:103:17":12,"s:103:17:103:Infinity":55,"s:106:2:109:Infinity":56,"f:114:16:114:23":13,"b:116:14:116:Infinity":9,"s:121:14:121:Infinity":57,"s:122:2:125:Infinity":58,"f:130:16:130:30":14,"b:132:14:132:Infinity":10,"s:137:14:137:Infinity":59,"s:138:2:141:Infinity":60,"f:149:16:149:27":15,"b:151:7:151:Infinity":11,"b:152:14:152:Infinity":12,"s:158:14:158:Infinity":61,"s:159:14:159:Infinity":62,"s:161:2:178:Infinity":63,"f:167:23:167:28":16,"s:168:8:176:Infinity":64},"fnNames":{}}}
,"/Users/colivares/Desktop/Web Projects/escala-digital-ventures-ui/components/phase-cycle.tsx": {"path":"/Users/colivares/Desktop/Web Projects/escala-digital-ventures-ui/components/phase-cycle.tsx","statementMap":{"0":{"start":{"line":1,"column":0},"end":{"line":1,"column":null}},"1":{"start":{"line":12,"column":13},"end":{"line":12,"column":null}},"2":{"start":{"line":13,"column":15},"end":{"line":13,"column":null}},"3":{"start":{"line":14,"column":15},"end":{"line":14,"column":null}},"4":{"start":{"line":15,"column":21},"end":{"line":15,"column":null}},"5":{"start":{"line":16,"column":22},"end":{"line":16,"column":null}},"6":{"start":{"line":19,"column":6},"end":{"line":19,"column":null}},"7":{"start":{"line":19,"column":31},"end":{"line":19,"column":null}},"8":{"start":{"line":23,"column":8},"end":{"line":23,"column":null}},"9":{"start":{"line":24,"column":2},"end":{"line":27,"column":null}},"10":{"start":{"line":53,"column":18},"end":{"line":53,"column":null}},"11":{"start":{"line":54,"column":30},"end":{"line":54,"column":null}},"12":{"start":{"line":55,"column":32},"end":{"line":55,"column":null}},"13":{"start":{"line":57,"column":2},"end":{"line":99,"column":null}},"14":{"start":{"line":58,"column":17},"end":{"line":58,"column":null}},"15":{"start":{"line":59,"column":4},"end":{"line":59,"column":null}},"16":{"start":{"line":59,"column":15},"end":{"line":59,"column":null}},"17":{"start":{"line":62,"column":31},"end":{"line":70,"column":null}},"18":{"start":{"line":64,"column":8},"end":{"line":67,"column":null}},"19":{"start":{"line":65,"column":10},"end":{"line":65,"column":null}},"20":{"start":{"line":66,"column":10},"end":{"line":66,"column":null}},"21":{"start":{"line":71,"column":4},"end":{"line":71,"column":null}},"22":{"start":{"line":73,"column":16},"end":{"line":73,"column":null}},"23":{"start":{"line":75,"column":10},"end":{"line":83,"column":null}},"24":{"start":{"line":76,"column":6},"end":{"line":76,"column":null}},"25":{"start":{"line":78,"column":6},"end":{"line":78,"column":null}},"26":{"start":{"line":78,"column":59},"end":{"line":78,"column":null}},"27":{"start":{"line":79,"column":19},"end":{"line":79,"column":null}},"28":{"start":{"line":80,"column":23},"end":{"line":80,"column":null}},"29":{"start":{"line":81,"column":23},"end":{"line":81,"column":null}},"30":{"start":{"line":82,"column":6},"end":{"line":82,"column":null}},"31":{"start":{"line":85,"column":10},"end":{"line":87,"column":null}},"32":{"start":{"line":86,"column":6},"end":{"line":86,"column":null}},"33":{"start":{"line":86,"column":18},"end":{"line":86,"column":null}},"34":{"start":{"line":89,"column":4},"end":{"line":89,"column":null}},"35":{"start":{"line":90,"column":4},"end":{"line":90,"column":null}},"36":{"start":{"line":91,"column":4},"end":{"line":91,"column":null}},"37":{"start":{"line":93,"column":4},"end":{"line":98,"column":null}},"38":{"start":{"line":94,"column":6},"end":{"line":94,"column":null}},"39":{"start":{"line":95,"column":6},"end":{"line":95,"column":null}},"40":{"start":{"line":95,"column":17},"end":{"line":95,"column":null}},"41":{"start":{"line":96,"column":6},"end":{"line":96,"column":null}},"42":{"start":{"line":97,"column":6},"end":{"line":97,"column":null}},"43":{"start":{"line":101,"column":8},"end":{"line":110,"column":null}},"44":{"start":{"line":102,"column":4},"end":{"line":102,"column":null}},"45":{"start":{"line":103,"column":17},"end":{"line":103,"column":null}},"46":{"start":{"line":104,"column":4},"end":{"line":104,"column":null}},"47":{"start":{"line":104,"column":66},"end":{"line":104,"column":null}},"48":{"start":{"line":105,"column":21},"end":{"line":105,"column":null}},"49":{"start":{"line":106,"column":4},"end":{"line":109,"column":null}},"50":{"start":{"line":112,"column":16},"end":{"line":112,"column":null}},"51":{"start":{"line":113,"column":25},"end":{"line":113,"column":null}},"52":{"start":{"line":114,"column":22},"end":{"line":114,"column":null}},"53":{"start":{"line":115,"column":24},"end":{"line":115,"column":null}},"54":{"start":{"line":117,"column":2},"end":{"line":240,"column":null}},"55":{"start":{"line":170,"column":29},"end":{"line":170,"column":null}},"56":{"start":{"line":171,"column":33},"end":{"line":171,"column":null}},"57":{"start":{"line":173,"column":18},"end":{"line":177,"column":null}},"58":{"start":{"line":179,"column":16},"end":{"line":206,"column":null}},"59":{"start":{"line":187,"column":35},"end":{"line":187,"column":null}},"60":{"start":{"line":189,"column":22},"end":{"line":192,"column":null}},"61":{"start":{"line":190,"column":24},"end":{"line":190,"column":null}},"62":{"start":{"line":191,"column":24},"end":{"line":191,"column":null}},"63":{"start":{"line":231,"column":10},"end":{"line":237,"column":null}}},"fnMap":{"0":{"name":"(anonymous_0)","decl":{"start":{"line":19,"column":6},"end":{"line":19,"column":13}},"loc":{"start":{"line":19,"column":31},"end":{"line":19,"column":null}},"line":19},"1":{"name":"ringPoint","decl":{"start":{"line":22,"column":9},"end":{"line":22,"column":19}},"loc":{"start":{"line":22,"column":66},"end":{"line":28,"column":null}},"line":22},"2":{"name":"PhaseCycle","decl":{"start":{"line":44,"column":16},"end":{"line":44,"column":27}},"loc":{"start":{"line":52,"column":20},"end":{"line":242,"column":null}},"line":52},"3":{"name":"(anonymous_3)","decl":{"start":{"line":57,"column":2},"end":{"line":57,"column":18}},"loc":{"start":{"line":57,"column":18},"end":{"line":99,"column":5}},"line":57},"4":{"name":"(anonymous_4)","decl":{"start":{"line":62,"column":35},"end":{"line":62,"column":null}},"loc":{"start":{"line":63,"column":19},"end":{"line":68,"column":null}},"line":63},"5":{"name":"(anonymous_5)","decl":{"start":{"line":75,"column":10},"end":{"line":75,"column":25}},"loc":{"start":{"line":75,"column":25},"end":{"line":83,"column":null}},"line":75},"6":{"name":"(anonymous_6)","decl":{"start":{"line":85,"column":10},"end":{"line":85,"column":27}},"loc":{"start":{"line":85,"column":27},"end":{"line":87,"column":null}},"line":85},"7":{"name":"(anonymous_7)","decl":{"start":{"line":93,"column":4},"end":{"line":93,"column":17}},"loc":{"start":{"line":93,"column":17},"end":{"line":98,"column":null}},"line":93},"8":{"name":"(anonymous_8)","decl":{"start":{"line":101,"column":8},"end":{"line":101,"column":23}},"loc":{"start":{"line":101,"column":41},"end":{"line":110,"column":null}},"line":101},"9":{"name":"(anonymous_9)","decl":{"start":{"line":169,"column":22},"end":{"line":169,"column":27}},"loc":{"start":{"line":169,"column":43},"end":{"line":208,"column":15}},"line":169},"10":{"name":"(anonymous_10)","decl":{"start":{"line":187,"column":20},"end":{"line":187,"column":35}},"loc":{"start":{"line":187,"column":35},"end":{"line":187,"column":null}},"line":187},"11":{"name":"(anonymous_11)","decl":{"start":{"line":188,"column":20},"end":{"line":188,"column":32}},"loc":{"start":{"line":188,"column":42},"end":{"line":193,"column":null}},"line":188},"12":{"name":"(anonymous_12)","decl":{"start":{"line":230,"column":16},"end":{"line":230,"column":21}},"loc":{"start":{"line":231,"column":10},"end":{"line":237,"column":null}},"line":231}},"branchMap":{"0":{"loc":{"start":{"line":22,"column":49},"end":{"line":22,"column":66}},"type":"default-arg","locations":[{"start":{"line":22,"column":58},"end":{"line":22,"column":66}}],"line":22},"1":{"loc":{"start":{"line":59,"column":4},"end":{"line":59,"column":null}},"type":"if","locations":[{"start":{"line":59,"column":4},"end":{"line":59,"column":null}},{"start":{},"end":{}}],"line":59},"2":{"loc":{"start":{"line":64,"column":8},"end":{"line":67,"column":null}},"type":"if","locations":[{"start":{"line":64,"column":8},"end":{"line":67,"column":null}},{"start":{},"end":{}}],"line":64},"3":{"loc":{"start":{"line":78,"column":6},"end":{"line":78,"column":null}},"type":"if","locations":[{"start":{"line":78,"column":6},"end":{"line":78,"column":null}},{"start":{},"end":{}}],"line":78},"4":{"loc":{"start":{"line":86,"column":6},"end":{"line":86,"column":null}},"type":"if","locations":[{"start":{"line":86,"column":6},"end":{"line":86,"column":null}},{"start":{},"end":{}}],"line":86},"5":{"loc":{"start":{"line":95,"column":6},"end":{"line":95,"column":null}},"type":"if","locations":[{"start":{"line":95,"column":6},"end":{"line":95,"column":null}},{"start":{},"end":{}}],"line":95},"6":{"loc":{"start":{"line":104,"column":4},"end":{"line":104,"column":null}},"type":"if","locations":[{"start":{"line":104,"column":4},"end":{"line":104,"column":null}},{"start":{},"end":{}}],"line":104},"7":{"loc":{"start":{"line":104,"column":8},"end":{"line":104,"column":66}},"type":"binary-expr","locations":[{"start":{"line":104,"column":8},"end":{"line":104,"column":17}},{"start":{"line":104,"column":17},"end":{"line":104,"column":66}}],"line":104},"8":{"loc":{"start":{"line":118,"column":48},"end":{"line":118,"column":null}},"type":"cond-expr","locations":[{"start":{"line":118,"column":58},"end":{"line":118,"column":74}},{"start":{"line":118,"column":74},"end":{"line":118,"column":null}}],"line":118},"9":{"loc":{"start":{"line":173,"column":18},"end":{"line":177,"column":null}},"type":"cond-expr","locations":[{"start":{"line":174,"column":22},"end":{"line":174,"column":null}},{"start":{"line":175,"column":22},"end":{"line":177,"column":null}}],"line":173},"10":{"loc":{"start":{"line":175,"column":22},"end":{"line":177,"column":null}},"type":"cond-expr","locations":[{"start":{"line":176,"column":24},"end":{"line":176,"column":null}},{"start":{"line":177,"column":24},"end":{"line":177,"column":null}}],"line":175},"11":{"loc":{"start":{"line":186,"column":34},"end":{"line":186,"column":null}},"type":"cond-expr","locations":[{"start":{"line":186,"column":53},"end":{"line":186,"column":62}},{"start":{"line":186,"column":62},"end":{"line":186,"column":null}}],"line":186},"12":{"loc":{"start":{"line":189,"column":22},"end":{"line":192,"column":null}},"type":"if","locations":[{"start":{"line":189,"column":22},"end":{"line":192,"column":null}},{"start":{},"end":{}}],"line":189},"13":{"loc":{"start":{"line":189,"column":26},"end":{"line":189,"column":70}},"type":"binary-expr","locations":[{"start":{"line":189,"column":26},"end":{"line":189,"column":51}},{"start":{"line":189,"column":51},"end":{"line":189,"column":70}}],"line":189},"14":{"loc":{"start":{"line":195,"column":55},"end":{"line":195,"column":84}},"type":"cond-expr","locations":[{"start":{"line":195,"column":74},"end":{"line":195,"column":79}},{"start":{"line":195,"column":79},"end":{"line":195,"column":84}}],"line":195}},"s":{"0":2,"1":2,"2":2,"3":2,"4":2,"5":2,"6":2,"7":1056,"8":726,"9":726,"10":33,"11":33,"12":33,"13":33,"14":15,"15":15,"16":0,"17":15,"18":15,"19":15,"20":15,"21":15,"22":15,"23":15,"24":15,"25":15,"26":0,"27":15,"28":15,"29":15,"30":15,"31":15,"32":0,"33":0,"34":15,"35":15,"36":15,"37":15,"38":15,"39":15,"40":0,"41":15,"42":15,"43":33,"44":3,"45":3,"46":3,"47":0,"48":3,"49":3,"50":33,"51":33,"52":33,"53":33,"54":33,"55":330,"56":330,"57":330,"58":330,"59":1,"60":2,"61":2,"62":2,"63":330},"f":{"0":1056,"1":726,"2":33,"3":15,"4":15,"5":15,"6":0,"7":15,"8":3,"9":330,"10":1,"11":2,"12":330},"b":{"0":[726],"1":[0,15],"2":[15,0],"3":[0,15],"4":[0,0],"5":[0,15],"6":[0,3],"7":[3,3],"8":[18,15],"9":[6,324],"10":[33,291],"11":[33,297],"12":[2,0],"13":[2,1],"14":[33,297]},"meta":{"lastBranch":15,"lastFunction":13,"lastStatement":64,"seen":{"s:1:0:1:Infinity":0,"s:12:13:12:Infinity":1,"s:13:15:13:Infinity":2,"s:14:15:14:Infinity":3,"s:15:21:15:Infinity":4,"s:16:22:16:Infinity":5,"s:19:6:19:Infinity":6,"f:19:6:19:13":0,"s:19:31:19:Infinity":7,"f:22:9:22:19":1,"b:22:58:22:66":0,"s:23:8:23:Infinity":8,"s:24:2:27:Infinity":9,"f:44:16:44:27":2,"s:53:18:53:Infinity":10,"s:54:30:54:Infinity":11,"s:55:32:55:Infinity":12,"s:57:2:99:Infinity":13,"f:57:2:57:18":3,"s:58:17:58:Infinity":14,"b:59:4:59:Infinity:undefined:undefined:undefined:undefined":1,"s:59:4:59:Infinity":15,"s:59:15:59:Infinity":16,"s:62:31:70:Infinity":17,"f:62:35:62:Infinity":4,"b:64:8:67:Infinity:undefined:undefined:undefined:undefined":2,"s:64:8:67:Infinity":18,"s:65:10:65:Infinity":19,"s:66:10:66:Infinity":20,"s:71:4:71:Infinity":21,"s:73:16:73:Infinity":22,"s:75:10:83:Infinity":23,"f:75:10:75:25":5,"s:76:6:76:Infinity":24,"b:78:6:78:Infinity:undefined:undefined:undefined:undefined":3,"s:78:6:78:Infinity":25,"s:78:59:78:Infinity":26,"s:79:19:79:Infinity":27,"s:80:23:80:Infinity":28,"s:81:23:81:Infinity":29,"s:82:6:82:Infinity":30,"s:85:10:87:Infinity":31,"f:85:10:85:27":6,"b:86:6:86:Infinity:undefined:undefined:undefined:undefined":4,"s:86:6:86:Infinity":32,"s:86:18:86:Infinity":33,"s:89:4:89:Infinity":34,"s:90:4:90:Infinity":35,"s:91:4:91:Infinity":36,"s:93:4:98:Infinity":37,"f:93:4:93:17":7,"s:94:6:94:Infinity":38,"b:95:6:95:Infinity:undefined:undefined:undefined:undefined":5,"s:95:6:95:Infinity":39,"s:95:17:95:Infinity":40,"s:96:6:96:Infinity":41,"s:97:6:97:Infinity":42,"s:101:8:110:Infinity":43,"f:101:8:101:23":8,"s:102:4:102:Infinity":44,"s:103:17:103:Infinity":45,"b:104:4:104:Infinity:undefined:undefined:undefined:undefined":6,"s:104:4:104:Infinity":46,"b:104:8:104:17:104:17:104:66":7,"s:104:66:104:Infinity":47,"s:105:21:105:Infinity":48,"s:106:4:109:Infinity":49,"s:112:16:112:Infinity":50,"s:113:25:113:Infinity":51,"s:114:22:114:Infinity":52,"s:115:24:115:Infinity":53,"s:117:2:240:Infinity":54,"b:118:58:118:74:118:74:118:Infinity":8,"f:169:22:169:27":9,"s:170:29:170:Infinity":55,"s:171:33:171:Infinity":56,"s:173:18:177:Infinity":57,"b:174:22:174:Infinity:175:22:177:Infinity":9,"b:176:24:176:Infinity:177:24:177:Infinity":10,"s:179:16:206:Infinity":58,"b:186:53:186:62:186:62:186:Infinity":11,"f:187:20:187:35":10,"s:187:35:187:Infinity":59,"f:188:20:188:32":11,"b:189:22:192:Infinity:undefined:undefined:undefined:undefined":12,"s:189:22:192:Infinity":60,"b:189:26:189:51:189:51:189:70":13,"s:190:24:190:Infinity":61,"s:191:24:191:Infinity":62,"b:195:74:195:79:195:79:195:84":14,"f:230:16:230:21":12,"s:231:10:237:Infinity":63},"fnNames":{}}}
,"/Users/colivares/Desktop/Web Projects/escala-digital-ventures-ui/components/readout.tsx": {"path":"/Users/colivares/Desktop/Web Projects/escala-digital-ventures-ui/components/readout.tsx","statementMap":{"0":{"start":{"line":7,"column":14},"end":{"line":12,"column":null}},"1":{"start":{"line":15,"column":19},"end":{"line":15,"column":null}},"2":{"start":{"line":31,"column":19},"end":{"line":31,"column":null}},"3":{"start":{"line":32,"column":15},"end":{"line":32,"column":null}},"4":{"start":{"line":34,"column":2},"end":{"line":55,"column":null}}},"fnMap":{"0":{"name":"Readout","decl":{"start":{"line":17,"column":16},"end":{"line":17,"column":24}},"loc":{"start":{"line":30,"column":3},"end":{"line":57,"column":null}},"line":30}},"branchMap":{"0":{"loc":{"start":{"line":31,"column":19},"end":{"line":31,"column":null}},"type":"binary-expr","locations":[{"start":{"line":31,"column":19},"end":{"line":31,"column":35}},{"start":{"line":31,"column":35},"end":{"line":31,"column":null}}],"line":31},"1":{"loc":{"start":{"line":32,"column":15},"end":{"line":32,"column":null}},"type":"binary-expr","locations":[{"start":{"line":32,"column":15},"end":{"line":32,"column":36}},{"start":{"line":32,"column":36},"end":{"line":32,"column":null}}],"line":32},"2":{"loc":{"start":{"line":52,"column":9},"end":{"line":52,"column":null}},"type":"cond-expr","locations":[{"start":{"line":52,"column":34},"end":{"line":52,"column":null}},{"start":{"line":52,"column":62},"end":{"line":52,"column":null}}],"line":52}},"s":{"0":2,"1":2,"2":24,"3":24,"4":24},"f":{"0":24},"b":{"0":[24,0],"1":[24,0],"2":[15,9]},"meta":{"lastBranch":3,"lastFunction":1,"lastStatement":5,"seen":{"s:7:14:12:Infinity":0,"s:15:19:15:Infinity":1,"f:17:16:17:24":0,"s:31:19:31:Infinity":2,"b:31:19:31:35:31:35:31:Infinity":0,"s:32:15:32:Infinity":3,"b:32:15:32:36:32:36:32:Infinity":1,"s:34:2:55:Infinity":4,"b:52:34:52:Infinity:52:62:52:Infinity":2},"fnNames":{}}}
,"/Users/colivares/Desktop/Web Projects/escala-digital-ventures-ui/components/section-index.tsx": {"path":"/Users/colivares/Desktop/Web Projects/escala-digital-ventures-ui/components/section-index.tsx","statementMap":{"0":{"start":{"line":8,"column":2},"end":{"line":13,"column":null}}},"fnMap":{"0":{"name":"SectionIndex","decl":{"start":{"line":1,"column":16},"end":{"line":1,"column":29}},"loc":{"start":{"line":7,"column":3},"end":{"line":15,"column":null}},"line":7}},"branchMap":{},"s":{"0":32},"f":{"0":32},"b":{},"meta":{"lastBranch":0,"lastFunction":1,"lastStatement":1,"seen":{"f:1:16:1:29":0,"s:8:2:13:Infinity":0},"fnNames":{}}}
,"/Users/colivares/Desktop/Web Projects/escala-digital-ventures-ui/components/site-chrome.tsx": {"path":"/Users/colivares/Desktop/Web Projects/escala-digital-ventures-ui/components/site-chrome.tsx","statementMap":{"0":{"start":{"line":9,"column":28},"end":{"line":9,"column":null}},"1":{"start":{"line":11,"column":2},"end":{"line":51,"column":null}},"2":{"start":{"line":29,"column":12},"end":{"line":31,"column":null}},"3":{"start":{"line":38,"column":14},"end":{"line":43,"column":null}},"4":{"start":{"line":56,"column":28},"end":{"line":56,"column":null}},"5":{"start":{"line":58,"column":2},"end":{"line":84,"column":null}},"6":{"start":{"line":65,"column":12},"end":{"line":67,"column":null}},"7":{"start":{"line":78,"column":12},"end":{"line":80,"column":null}}},"fnMap":{"0":{"name":"SiteHeader","decl":{"start":{"line":8,"column":16},"end":{"line":8,"column":27}},"loc":{"start":{"line":8,"column":68},"end":{"line":53,"column":null}},"line":8},"1":{"name":"(anonymous_1)","decl":{"start":{"line":28,"column":23},"end":{"line":28,"column":28}},"loc":{"start":{"line":29,"column":12},"end":{"line":31,"column":null}},"line":29},"2":{"name":"(anonymous_2)","decl":{"start":{"line":37,"column":29},"end":{"line":37,"column":34}},"loc":{"start":{"line":38,"column":14},"end":{"line":43,"column":null}},"line":38},"3":{"name":"SiteFooter","decl":{"start":{"line":55,"column":16},"end":{"line":55,"column":27}},"loc":{"start":{"line":55,"column":68},"end":{"line":86,"column":null}},"line":55},"4":{"name":"(anonymous_4)","decl":{"start":{"line":64,"column":30},"end":{"line":64,"column":35}},"loc":{"start":{"line":65,"column":12},"end":{"line":67,"column":null}},"line":65},"5":{"name":"(anonymous_5)","decl":{"start":{"line":77,"column":25},"end":{"line":77,"column":30}},"loc":{"start":{"line":78,"column":12},"end":{"line":80,"column":null}},"line":78}},"branchMap":{"0":{"loc":{"start":{"line":39,"column":30},"end":{"line":39,"column":null}},"type":"cond-expr","locations":[{"start":{"line":39,"column":44},"end":{"line":39,"column":53}},{"start":{"line":39,"column":53},"end":{"line":39,"column":null}}],"line":39}},"s":{"0":7,"1":7,"2":35,"3":21,"4":6,"5":6,"6":24,"7":12},"f":{"0":7,"1":35,"2":21,"3":6,"4":24,"5":12},"b":{"0":[7,14]},"meta":{"lastBranch":1,"lastFunction":6,"lastStatement":8,"seen":{"f:8:16:8:27":0,"s:9:28:9:Infinity":0,"s:11:2:51:Infinity":1,"f:28:23:28:28":1,"s:29:12:31:Infinity":2,"f:37:29:37:34":2,"s:38:14:43:Infinity":3,"b:39:44:39:53:39:53:39:Infinity":0,"f:55:16:55:27":3,"s:56:28:56:Infinity":4,"s:58:2:84:Infinity":5,"f:64:30:64:35":4,"s:65:12:67:Infinity":6,"f:77:25:77:30":5,"s:78:12:80:Infinity":7},"fnNames":{}}}
,"/Users/colivares/Desktop/Web Projects/escala-digital-ventures-ui/components/system-diagram.tsx": {"path":"/Users/colivares/Desktop/Web Projects/escala-digital-ventures-ui/components/system-diagram.tsx","statementMap":{"0":{"start":{"line":1,"column":0},"end":{"line":1,"column":null}},"1":{"start":{"line":41,"column":2},"end":{"line":71,"column":null}},"2":{"start":{"line":84,"column":2},"end":{"line":95,"column":null}},"3":{"start":{"line":110,"column":2},"end":{"line":143,"column":null}},"4":{"start":{"line":154,"column":2},"end":{"line":180,"column":null}},"5":{"start":{"line":155,"column":4},"end":{"line":178,"column":null}},"6":{"start":{"line":182,"column":2},"end":{"line":201,"column":null}},"7":{"start":{"line":183,"column":4},"end":{"line":199,"column":null}},"8":{"start":{"line":203,"column":2},"end":{"line":237,"column":null}},"9":{"start":{"line":204,"column":4},"end":{"line":235,"column":null}},"10":{"start":{"line":224,"column":10},"end":{"line":226,"column":null}},"11":{"start":{"line":240,"column":2},"end":{"line":276,"column":null}}},"fnMap":{"0":{"name":"Node","decl":{"start":{"line":28,"column":9},"end":{"line":28,"column":14}},"loc":{"start":{"line":40,"column":14},"end":{"line":73,"column":null}},"line":40},"1":{"name":"Connector","decl":{"start":{"line":75,"column":9},"end":{"line":75,"column":19}},"loc":{"start":{"line":83,"column":3},"end":{"line":97,"column":null}},"line":83},"2":{"name":"Plate","decl":{"start":{"line":99,"column":9},"end":{"line":99,"column":15}},"loc":{"start":{"line":109,"column":3},"end":{"line":145,"column":null}},"line":109},"3":{"name":"SystemDiagram","decl":{"start":{"line":147,"column":16},"end":{"line":147,"column":30}},"loc":{"start":{"line":153,"column":3},"end":{"line":278,"column":null}},"line":153},"4":{"name":"(anonymous_4)","decl":{"start":{"line":223,"column":10},"end":{"line":223,"column":15}},"loc":{"start":{"line":224,"column":10},"end":{"line":226,"column":null}},"line":224}},"branchMap":{"0":{"loc":{"start":{"line":36,"column":2},"end":{"line":36,"column":null}},"type":"default-arg","locations":[{"start":{"line":36,"column":11},"end":{"line":36,"column":null}}],"line":36},"1":{"loc":{"start":{"line":39,"column":2},"end":{"line":39,"column":null}},"type":"default-arg","locations":[{"start":{"line":39,"column":15},"end":{"line":39,"column":null}}],"line":39},"2":{"loc":{"start":{"line":45,"column":8},"end":{"line":45,"column":null}},"type":"cond-expr","locations":[{"start":{"line":45,"column":17},"end":{"line":45,"column":31}},{"start":{"line":45,"column":31},"end":{"line":45,"column":null}}],"line":45},"3":{"loc":{"start":{"line":46,"column":8},"end":{"line":46,"column":null}},"type":"cond-expr","locations":[{"start":{"line":46,"column":16},"end":{"line":46,"column":29}},{"start":{"line":46,"column":29},"end":{"line":46,"column":null}}],"line":46},"4":{"loc":{"start":{"line":47,"column":8},"end":{"line":47,"column":null}},"type":"cond-expr","locations":[{"start":{"line":47,"column":20},"end":{"line":47,"column":37}},{"start":{"line":47,"column":37},"end":{"line":47,"column":null}}],"line":47},"5":{"loc":{"start":{"line":53,"column":7},"end":{"line":56,"column":null}},"type":"cond-expr","locations":[{"start":{"line":54,"column":8},"end":{"line":56,"column":9}},{"start":{"line":56,"column":8},"end":{"line":56,"column":null}}],"line":53},"6":{"loc":{"start":{"line":59,"column":11},"end":{"line":59,"column":null}},"type":"binary-expr","locations":[{"start":{"line":59,"column":11},"end":{"line":59,"column":21}},{"start":{"line":59,"column":21},"end":{"line":59,"column":null}}],"line":59},"7":{"loc":{"start":{"line":60,"column":11},"end":{"line":60,"column":null}},"type":"binary-expr","locations":[{"start":{"line":60,"column":11},"end":{"line":60,"column":21}},{"start":{"line":60,"column":21},"end":{"line":60,"column":null}}],"line":60},"8":{"loc":{"start":{"line":65,"column":7},"end":{"line":69,"column":null}},"type":"binary-expr","locations":[{"start":{"line":65,"column":7},"end":{"line":65,"column":null}},{"start":{"line":66,"column":8},"end":{"line":69,"column":null}}],"line":65},"9":{"loc":{"start":{"line":77,"column":2},"end":{"line":77,"column":null}},"type":"default-arg","locations":[{"start":{"line":77,"column":11},"end":{"line":77,"column":null}}],"line":77},"10":{"loc":{"start":{"line":78,"column":2},"end":{"line":78,"column":null}},"type":"default-arg","locations":[{"start":{"line":78,"column":10},"end":{"line":78,"column":null}}],"line":78},"11":{"loc":{"start":{"line":87,"column":40},"end":{"line":87,"column":null}},"type":"cond-expr","locations":[{"start":{"line":87,"column":49},"end":{"line":87,"column":63}},{"start":{"line":87,"column":63},"end":{"line":87,"column":null}}],"line":87},"12":{"loc":{"start":{"line":90,"column":7},"end":{"line":95,"column":null}},"type":"binary-expr","locations":[{"start":{"line":90,"column":7},"end":{"line":90,"column":null}},{"start":{"line":91,"column":8},"end":{"line":95,"column":null}}],"line":90},"13":{"loc":{"start":{"line":103,"column":2},"end":{"line":103,"column":null}},"type":"default-arg","locations":[{"start":{"line":103,"column":14},"end":{"line":103,"column":null}}],"line":103},"14":{"loc":{"start":{"line":154,"column":2},"end":{"line":180,"column":null}},"type":"if","locations":[{"start":{"line":154,"column":2},"end":{"line":180,"column":null}},{"start":{},"end":{}}],"line":154},"15":{"loc":{"start":{"line":182,"column":2},"end":{"line":201,"column":null}},"type":"if","locations":[{"start":{"line":182,"column":2},"end":{"line":201,"column":null}},{"start":{},"end":{}}],"line":182},"16":{"loc":{"start":{"line":203,"column":2},"end":{"line":237,"column":null}},"type":"if","locations":[{"start":{"line":203,"column":2},"end":{"line":237,"column":null}},{"start":{},"end":{}}],"line":203}},"s":{"0":2,"1":158,"2":139,"3":30,"4":30,"5":9,"6":21,"7":7,"8":14,"9":7,"10":42,"11":7},"f":{"0":158,"1":139,"2":30,"3":30,"4":42},"b":{"0":[158],"1":[158],"2":[30,128],"3":[7,151],"4":[21,137],"5":[44,114],"6":[158,130],"7":[158,114],"8":[158,7],"9":[139],"10":[139],"11":[71,68],"12":[139,41],"13":[30],"14":[9,21],"15":[7,14],"16":[7,7]},"meta":{"lastBranch":17,"lastFunction":5,"lastStatement":12,"seen":{"s:1:0:1:Infinity":0,"f:28:9:28:14":0,"b:36:11:36:Infinity":0,"b:39:15:39:Infinity":1,"s:41:2:71:Infinity":1,"b:45:17:45:31:45:31:45:Infinity":2,"b:46:16:46:29:46:29:46:Infinity":3,"b:47:20:47:37:47:37:47:Infinity":4,"b:54:8:56:9:56:8:56:Infinity":5,"b:59:11:59:21:59:21:59:Infinity":6,"b:60:11:60:21:60:21:60:Infinity":7,"b:65:7:65:Infinity:66:8:69:Infinity":8,"f:75:9:75:19":1,"b:77:11:77:Infinity":9,"b:78:10:78:Infinity":10,"s:84:2:95:Infinity":2,"b:87:49:87:63:87:63:87:Infinity":11,"b:90:7:90:Infinity:91:8:95:Infinity":12,"f:99:9:99:15":2,"b:103:14:103:Infinity":13,"s:110:2:143:Infinity":3,"f:147:16:147:30":3,"b:154:2:180:Infinity:undefined:undefined:undefined:undefined":14,"s:154:2:180:Infinity":4,"s:155:4:178:Infinity":5,"b:182:2:201:Infinity:undefined:undefined:undefined:undefined":15,"s:182:2:201:Infinity":6,"s:183:4:199:Infinity":7,"b:203:2:237:Infinity:undefined:undefined:undefined:undefined":16,"s:203:2:237:Infinity":8,"s:204:4:235:Infinity":9,"f:223:10:223:15":4,"s:224:10:226:Infinity":10,"s:240:2:276:Infinity":11},"fnNames":{}}}
,"/Users/colivares/Desktop/Web Projects/escala-digital-ventures-ui/content/es/clients.ts": {"path":"/Users/colivares/Desktop/Web Projects/escala-digital-ventures-ui/content/es/clients.ts","statementMap":{"0":{"start":{"line":10,"column":23},"end":{"line":27,"column":null}}},"fnMap":{},"branchMap":{},"s":{"0":4},"f":{},"b":{},"meta":{"lastBranch":0,"lastFunction":0,"lastStatement":1,"seen":{"s:10:23:27:Infinity":0},"fnNames":{}}}
,"/Users/colivares/Desktop/Web Projects/escala-digital-ventures-ui/content/es/home.ts": {"path":"/Users/colivares/Desktop/Web Projects/escala-digital-ventures-ui/content/es/home.ts","statementMap":{"0":{"start":{"line":4,"column":27},"end":{"line":192,"column":null}}},"fnMap":{},"branchMap":{},"s":{"0":4},"f":{},"b":{},"meta":{"lastBranch":0,"lastFunction":0,"lastStatement":1,"seen":{"s:4:27:192:Infinity":0},"fnNames":{}}}
,"/Users/colivares/Desktop/Web Projects/escala-digital-ventures-ui/content/es/shared.ts": {"path":"/Users/colivares/Desktop/Web Projects/escala-digital-ventures-ui/content/es/shared.ts","statementMap":{"0":{"start":{"line":1,"column":29},"end":{"line":64,"column":null}}},"fnMap":{},"branchMap":{},"s":{"0":7},"f":{},"b":{},"meta":{"lastBranch":0,"lastFunction":0,"lastStatement":1,"seen":{"s:1:29:64:Infinity":0},"fnNames":{}}}
,"/Users/colivares/Desktop/Web Projects/escala-digital-ventures-ui/lib/motion-constants.ts": {"path":"/Users/colivares/Desktop/Web Projects/escala-digital-ventures-ui/lib/motion-constants.ts","statementMap":{"0":{"start":{"line":8,"column":36},"end":{"line":8,"column":null}},"1":{"start":{"line":11,"column":32},"end":{"line":11,"column":null}},"2":{"start":{"line":14,"column":40},"end":{"line":14,"column":null}},"3":{"start":{"line":17,"column":37},"end":{"line":17,"column":null}},"4":{"start":{"line":20,"column":34},"end":{"line":20,"column":null}},"5":{"start":{"line":23,"column":45},"end":{"line":23,"column":null}},"6":{"start":{"line":31,"column":2},"end":{"line":31,"column":null}}},"fnMap":{},"branchMap":{},"s":{"0":8,"1":8,"2":8,"3":8,"4":8,"5":8,"6":8},"f":{},"b":{},"meta":{"lastBranch":0,"lastFunction":0,"lastStatement":7,"seen":{"s:8:36:8:Infinity":0,"s:11:32:11:Infinity":1,"s:14:40:14:Infinity":2,"s:17:37:17:Infinity":3,"s:20:34:20:Infinity":4,"s:23:45:23:Infinity":5,"s:31:2:31:Infinity":6},"fnNames":{}}}
,"/Users/colivares/Desktop/Web Projects/escala-digital-ventures-ui/lib/routes.ts": {"path":"/Users/colivares/Desktop/Web Projects/escala-digital-ventures-ui/lib/routes.ts","statementMap":{"0":{"start":{"line":6,"column":22},"end":{"line":18,"column":null}},"1":{"start":{"line":23,"column":23},"end":{"line":31,"column":null}}},"fnMap":{},"branchMap":{},"s":{"0":6,"1":6},"f":{},"b":{},"meta":{"lastBranch":0,"lastFunction":0,"lastStatement":2,"seen":{"s:6:22:18:Infinity":0,"s:23:23:31:Infinity":1},"fnNames":{}}}
}
